<?xml version="1.0" encoding="UTF-8"?>
<testsuite xmlns:xsi="http://www.w3.org/2001/XMLSchema-instance" xsi:noNamespaceSchemaLocation="https://maven.apache.org/surefire/maven-surefire-plugin/xsd/surefire-test-report-3.0.xsd" version="3.0" name="com.gymrat.controller.AdminControllerIntegrationTest" time="9.13" tests="5" errors="0" skipped="0" failures="0">
  <properties>
[...]
</properties>
  <testcase name="shouldGetUserById" classname="com.gymrat.controller.AdminControllerIntegrationTest" time="1.018">
    <system-out><![CDATA[11:28:05.706 [main] INFO org.springframework.test.context.support.AnnotationConfigContextLoaderUtils -- Could not detect default configuration classes for test class [com.gymrat.controller.AdminControllerIntegrationTest]: AdminControllerIntegrationTest does not declare any static, non-private, non-final, nested classes annotated with @Configuration.
11:28:05.983 [main] INFO org.springframework.boot.test.context.SpringBootTestContextBootstrapper -- Found @SpringBootConfiguration com.gymrat.GymRatApplication for test class com.gymrat.controller.AdminControllerIntegrationTest
11:28:05,435 |-INFO in ch.qos.logback.classic.LoggerContext[default] - This is logback-classic version 1.4.11
11:28:05,439 |-INFO in ch.qos.logback.classic.util.ContextInitializer@71c905a3 - Here is a list of configurators discovered as a service, by rank: 
11:28:05,439 |-INFO in ch.qos.logback.classic.util.ContextInitializer@71c905a3 -   org.springframework.boot.logging.logback.RootLogLevelConfigurator
11:28:05,439 |-INFO in ch.qos.logback.classic.util.ContextInitializer@71c905a3 - They will be invoked in order until ExecutionStatus.DO_NOT_INVOKE_NEXT_IF_ANY is returned.
11:28:05,439 |-INFO in ch.qos.logback.classic.util.ContextInitializer@71c905a3 - Constructed configurator of type class org.springframework.boot.logging.logback.RootLogLevelConfigurator
11:28:05,446 |-INFO in ch.qos.logback.classic.util.ContextInitializer@71c905a3 - org.springframework.boot.logging.logback.RootLogLevelConfigurator.configure() call lasted 1 milliseconds. ExecutionStatus=INVOKE_NEXT_IF_ANY
11:28:05,446 |-INFO in ch.qos.logback.classic.util.ContextInitializer@71c905a3 - Trying to configure with ch.qos.logback.classic.joran.SerializedModelConfigurator
11:28:05,447 |-INFO in ch.qos.logback.classic.util.ContextInitializer@71c905a3 - Constructed configurator of type class ch.qos.logback.classic.joran.SerializedModelConfigurator
11:28:05,472 |-INFO in ch.qos.logback.classic.LoggerContext[default] - Could NOT find resource [logback-test.scmo]
11:28:05,474 |-INFO in ch.qos.logback.classic.LoggerContext[default] - Could NOT find resource [logback.scmo]
11:28:05,474 |-INFO in ch.qos.logback.classic.util.ContextInitializer@71c905a3 - ch.qos.logback.classic.joran.SerializedModelConfigurator.configure() call lasted 27 milliseconds. ExecutionStatus=INVOKE_NEXT_IF_ANY
11:28:05,474 |-INFO in ch.qos.logback.classic.util.ContextInitializer@71c905a3 - Trying to configure with ch.qos.logback.classic.util.DefaultJoranConfigurator
11:28:05,475 |-INFO in ch.qos.logback.classic.util.ContextInitializer@71c905a3 - Constructed configurator of type class ch.qos.logback.classic.util.DefaultJoranConfigurator
11:28:05,476 |-INFO in ch.qos.logback.classic.LoggerContext[default] - Could NOT find resource [logback-test.xml]
11:28:05,476 |-INFO in ch.qos.logback.classic.LoggerContext[default] - Could NOT find resource [logback.xml]
11:28:05,476 |-INFO in ch.qos.logback.classic.util.ContextInitializer@71c905a3 - ch.qos.logback.classic.util.DefaultJoranConfigurator.configure() call lasted 1 milliseconds. ExecutionStatus=INVOKE_NEXT_IF_ANY
11:28:05,476 |-INFO in ch.qos.logback.classic.util.ContextInitializer@71c905a3 - Trying to configure with ch.qos.logback.classic.BasicConfigurator
11:28:05,477 |-INFO in ch.qos.logback.classic.util.ContextInitializer@71c905a3 - Constructed configurator of type class ch.qos.logback.classic.BasicConfigurator
11:28:05,477 |-INFO in ch.qos.logback.classic.BasicConfigurator@30af7377 - Setting up default configuration.
11:28:05,495 |-INFO in ch.qos.logback.classic.util.ContextInitializer@71c905a3 - ch.qos.logback.classic.BasicConfigurator.configure() call lasted 18 milliseconds. ExecutionStatus=NEUTRAL
11:28:06,462 |-INFO in ch.qos.logback.core.joran.action.ConversionRuleAction - registering conversion word clr with class [org.springframework.boot.logging.logback.ColorConverter]
11:28:06,462 |-INFO in ch.qos.logback.core.joran.action.ConversionRuleAction - registering conversion word wex with class [org.springframework.boot.logging.logback.WhitespaceThrowableProxyConverter]
11:28:06,462 |-INFO in ch.qos.logback.core.joran.action.ConversionRuleAction - registering conversion word wEx with class [org.springframework.boot.logging.logback.ExtendedWhitespaceThrowableProxyConverter]
11:28:06,505 |-INFO in ch.qos.logback.core.model.processor.AppenderModelHandler - Processing appender named [CONSOLE]
11:28:06,505 |-INFO in ch.qos.logback.core.model.processor.AppenderModelHandler - About to instantiate appender of type [ch.qos.logback.core.ConsoleAppender]
11:28:06,509 |-INFO in ch.qos.logback.core.model.processor.ImplicitModelHandler - Assuming default type [ch.qos.logback.classic.encoder.PatternLayoutEncoder] for [encoder] property
11:28:06,522 |-INFO in ch.qos.logback.core.model.processor.AppenderModelHandler - Processing appender named [FILE]
11:28:06,522 |-INFO in ch.qos.logback.core.model.processor.AppenderModelHandler - About to instantiate appender of type [ch.qos.logback.core.rolling.RollingFileAppender]
11:28:06,523 |-INFO in ch.qos.logback.core.model.processor.ImplicitModelHandler - Assuming default type [ch.qos.logback.classic.encoder.PatternLayoutEncoder] for [encoder] property
11:28:06,529 |-INFO in c.q.l.core.rolling.TimeBasedRollingPolicy@1738561265 - setting totalSizeCap to 1 GB
11:28:06,533 |-INFO in c.q.l.core.rolling.TimeBasedRollingPolicy@1738561265 - No compression will be used
11:28:06,533 |-INFO in c.q.l.core.rolling.TimeBasedRollingPolicy@1738561265 - Will use the pattern logs/gymrat-app-%d{yyyy-MM-dd}.%i.log for the active file
11:28:06,535 |-INFO in ch.qos.logback.core.rolling.SizeAndTimeBasedFNATP@1dab9dd6 - The date pattern is 'yyyy-MM-dd' from file name pattern 'logs/gymrat-app-%d{yyyy-MM-dd}.%i.log'.
11:28:06,535 |-INFO in ch.qos.logback.core.rolling.SizeAndTimeBasedFNATP@1dab9dd6 - Roll-over at midnight.
11:28:06,536 |-INFO in ch.qos.logback.core.rolling.SizeAndTimeBasedFNATP@1dab9dd6 - Setting initial period to 2025-10-22T09:23:54.280Z
11:28:06,536 |-WARN in ch.qos.logback.core.rolling.SizeAndTimeBasedFNATP@1dab9dd6 - SizeAndTimeBasedFNATP is deprecated. Use SizeAndTimeBasedRollingPolicy instead
11:28:06,536 |-WARN in ch.qos.logback.core.rolling.SizeAndTimeBasedFNATP@1dab9dd6 - For more information see http://logback.qos.ch/manual/appenders.html#SizeAndTimeBasedRollingPolicy
11:28:06,539 |-INFO in ch.qos.logback.core.rolling.RollingFileAppender[FILE] - Active log file name: logs/gymrat-app.log
11:28:06,539 |-INFO in ch.qos.logback.core.rolling.RollingFileAppender[FILE] - File property is set to [logs/gymrat-app.log]
11:28:06,540 |-INFO in ch.qos.logback.core.model.processor.AppenderModelHandler - Processing appender named [ERROR_FILE]
11:28:06,540 |-INFO in ch.qos.logback.core.model.processor.AppenderModelHandler - About to instantiate appender of type [ch.qos.logback.core.rolling.RollingFileAppender]
11:28:06,541 |-INFO in ch.qos.logback.core.model.processor.ImplicitModelHandler - Assuming default type [ch.qos.logback.classic.encoder.PatternLayoutEncoder] for [encoder] property
11:28:06,541 |-INFO in c.q.l.core.rolling.TimeBasedRollingPolicy@611739613 - setting totalSizeCap to 500 MB
11:28:06,541 |-INFO in c.q.l.core.rolling.TimeBasedRollingPolicy@611739613 - No compression will be used
11:28:06,541 |-INFO in c.q.l.core.rolling.TimeBasedRollingPolicy@611739613 - Will use the pattern logs/gymrat-errors-%d{yyyy-MM-dd}.%i.log for the active file
11:28:06,542 |-INFO in ch.qos.logback.core.rolling.SizeAndTimeBasedFNATP@6f099cef - The date pattern is 'yyyy-MM-dd' from file name pattern 'logs/gymrat-errors-%d{yyyy-MM-dd}.%i.log'.
11:28:06,542 |-INFO in ch.qos.logback.core.rolling.SizeAndTimeBasedFNATP@6f099cef - Roll-over at midnight.
11:28:06,543 |-INFO in ch.qos.logback.core.rolling.SizeAndTimeBasedFNATP@6f099cef - Setting initial period to 2025-10-22T09:16:16.627Z
11:28:06,543 |-WARN in ch.qos.logback.core.rolling.SizeAndTimeBasedFNATP@6f099cef - SizeAndTimeBasedFNATP is deprecated. Use SizeAndTimeBasedRollingPolicy instead
11:28:06,543 |-WARN in ch.qos.logback.core.rolling.SizeAndTimeBasedFNATP@6f099cef - For more information see http://logback.qos.ch/manual/appenders.html#SizeAndTimeBasedRollingPolicy
11:28:06,544 |-INFO in ch.qos.logback.core.rolling.RollingFileAppender[ERROR_FILE] - Active log file name: logs/gymrat-errors.log
11:28:06,544 |-INFO in ch.qos.logback.core.rolling.RollingFileAppender[ERROR_FILE] - File property is set to [logs/gymrat-errors.log]
11:28:06,544 |-INFO in ch.qos.logback.core.model.processor.AppenderModelHandler - Processing appender named [AUDIT_FILE]
11:28:06,544 |-INFO in ch.qos.logback.core.model.processor.AppenderModelHandler - About to instantiate appender of type [ch.qos.logback.core.rolling.RollingFileAppender]
11:28:06,544 |-INFO in ch.qos.logback.core.model.processor.ImplicitModelHandler - Assuming default type [ch.qos.logback.classic.encoder.PatternLayoutEncoder] for [encoder] property
11:28:06,545 |-INFO in c.q.l.core.rolling.TimeBasedRollingPolicy@184244257 - setting totalSizeCap to 2 GB
11:28:06,545 |-INFO in c.q.l.core.rolling.TimeBasedRollingPolicy@184244257 - No compression will be used
11:28:06,545 |-INFO in c.q.l.core.rolling.TimeBasedRollingPolicy@184244257 - Will use the pattern logs/gymrat-audit-%d{yyyy-MM-dd}.log for the active file
11:28:06,545 |-INFO in c.q.l.core.rolling.DefaultTimeBasedFileNamingAndTriggeringPolicy - The date pattern is 'yyyy-MM-dd' from file name pattern 'logs/gymrat-audit-%d{yyyy-MM-dd}.log'.
11:28:06,545 |-INFO in c.q.l.core.rolling.DefaultTimeBasedFileNamingAndTriggeringPolicy - Roll-over at midnight.
11:28:06,546 |-INFO in c.q.l.core.rolling.DefaultTimeBasedFileNamingAndTriggeringPolicy - Setting initial period to 2025-10-22T09:16:10.491Z
11:28:06,546 |-INFO in ch.qos.logback.core.rolling.RollingFileAppender[AUDIT_FILE] - Active log file name: logs/gymrat-audit.log
11:28:06,546 |-INFO in ch.qos.logback.core.rolling.RollingFileAppender[AUDIT_FILE] - File property is set to [logs/gymrat-audit.log]
11:28:06,547 |-INFO in ch.qos.logback.classic.model.processor.LoggerModelHandler - Setting level of logger [AUDIT] to INFO
11:28:06,547 |-INFO in ch.qos.logback.classic.jul.LevelChangePropagator@4bff2185 - Propagating INFO level on Logger[AUDIT] onto the JUL framework
11:28:06,549 |-INFO in ch.qos.logback.classic.model.processor.LoggerModelHandler - Setting additivity of logger [AUDIT] to false
11:28:06,549 |-INFO in ch.qos.logback.core.model.processor.AppenderRefModelHandler - Attaching appender named [AUDIT_FILE] to Logger[AUDIT]
11:28:06,549 |-INFO in ch.qos.logback.core.model.processor.AppenderRefModelHandler - Attaching appender named [CONSOLE] to Logger[AUDIT]
11:28:06,549 |-INFO in ch.qos.logback.classic.model.processor.LoggerModelHandler - Setting level of logger [com.gymrat] to DEBUG
11:28:06,549 |-INFO in ch.qos.logback.classic.jul.LevelChangePropagator@4bff2185 - Propagating DEBUG level on Logger[com.gymrat] onto the JUL framework
11:28:06,549 |-INFO in ch.qos.logback.classic.model.processor.LoggerModelHandler - Setting level of logger [org.springframework.web] to INFO
11:28:06,549 |-INFO in ch.qos.logback.classic.jul.LevelChangePropagator@4bff2185 - Propagating INFO level on Logger[org.springframework.web] onto the JUL framework
11:28:06,549 |-INFO in ch.qos.logback.classic.model.processor.LoggerModelHandler - Setting level of logger [org.springframework.security] to INFO
11:28:06,549 |-INFO in ch.qos.logback.classic.jul.LevelChangePropagator@4bff2185 - Propagating INFO level on Logger[org.springframework.security] onto the JUL framework
11:28:06,549 |-INFO in ch.qos.logback.classic.model.processor.LoggerModelHandler - Setting level of logger [org.hibernate] to WARN
11:28:06,549 |-INFO in ch.qos.logback.classic.jul.LevelChangePropagator@4bff2185 - Propagating WARN level on Logger[org.hibernate] onto the JUL framework
11:28:06,549 |-INFO in ch.qos.logback.classic.model.processor.LoggerModelHandler - Setting level of logger [org.hibernate.SQL] to DEBUG
11:28:06,549 |-INFO in ch.qos.logback.classic.jul.LevelChangePropagator@4bff2185 - Propagating DEBUG level on Logger[org.hibernate.SQL] onto the JUL framework
11:28:06,549 |-INFO in ch.qos.logback.classic.model.processor.LoggerModelHandler - Setting level of logger [org.hibernate.type.descriptor.sql.BasicBinder] to TRACE
11:28:06,549 |-INFO in ch.qos.logback.classic.jul.LevelChangePropagator@4bff2185 - Propagating TRACE level on Logger[org.hibernate.type.descriptor.sql.BasicBinder] onto the JUL framework
11:28:06,549 |-INFO in ch.qos.logback.classic.model.processor.RootLoggerModelHandler - Setting level of ROOT logger to INFO
11:28:06,549 |-INFO in ch.qos.logback.classic.jul.LevelChangePropagator@4bff2185 - Propagating INFO level on Logger[ROOT] onto the JUL framework
11:28:06,549 |-INFO in ch.qos.logback.core.model.processor.AppenderRefModelHandler - Attaching appender named [CONSOLE] to Logger[ROOT]
11:28:06,549 |-INFO in ch.qos.logback.core.model.processor.AppenderRefModelHandler - Attaching appender named [FILE] to Logger[ROOT]
11:28:06,549 |-INFO in ch.qos.logback.core.model.processor.AppenderRefModelHandler - Attaching appender named [ERROR_FILE] to Logger[ROOT]
11:28:06,549 |-INFO in ch.qos.logback.core.model.processor.DefaultProcessor@5c20ffa8 - End of configuration.
11:28:06,549 |-INFO in org.springframework.boot.logging.logback.SpringBootJoranConfigurator@7fedfe27 - Registering current configuration as safe fallback point


  .   ____          _            __ _ _
 /\\ / ___'_ __ _ _(_)_ __  __ _ \ \ \ \
( ( )\___ | '_ | '_| | '_ \/ _` | \ \ \ \
 \\/  ___)| |_)| | | | | || (_| |  ) ) ) )
  '  |____| .__|_| |_|_| |_\__, | / / / /
 =========|_|==============|___/=/_/_/_/
 :: Spring Boot ::                (v3.2.0)

2025-10-22 11:28:06.693  INFO 21020 --- [           main] c.g.c.AdminControllerIntegrationTest     : Starting AdminControllerIntegrationTest using Java 17.0.16 with PID 21020 (started by rquer in C:\Users\rquer\Documents\IdeaProjects\gym-rat)
2025-10-22 11:28:06.696  INFO 21020 --- [           main] c.g.c.AdminControllerIntegrationTest     : The following 1 profile is active: "test"
2025-10-22 11:28:09.781  WARN 21020 --- [           main] org.hibernate.orm.deprecation            : HHH90000025: H2Dialect does not need to be specified explicitly using 'hibernate.dialect' (remove the property setting and it will be selected by default)
2025-10-22 11:28:11.964  INFO 21020 --- [           main] o.s.s.web.DefaultSecurityFilterChain     : Will secure any request with [org.springframework.security.web.session.DisableEncodeUrlFilter@3b2317b7, org.springframework.security.web.context.request.async.WebAsyncManagerIntegrationFilter@56c26b21, org.springframework.security.web.context.SecurityContextHolderFilter@124b8fe9, org.springframework.security.web.header.HeaderWriterFilter@631c6ef4, org.springframework.web.filter.CorsFilter@3a72517e, org.springframework.security.web.authentication.logout.LogoutFilter@72bef795, com.gymrat.security.JwtAuthorizationFilter@237824b0, org.springframework.security.web.savedrequest.RequestCacheAwareFilter@3e9e7a70, org.springframework.security.web.servletapi.SecurityContextHolderAwareRequestFilter@360ccb68, org.springframework.security.web.authentication.AnonymousAuthenticationFilter@77a14911, org.springframework.security.web.session.SessionManagementFilter@5cdf2c83, org.springframework.security.web.access.ExceptionTranslationFilter@7a80ebcd, org.springframework.security.web.access.intercept.AuthorizationFilter@6ff05f85]
2025-10-22 11:28:12.617  INFO 21020 --- [           main] c.g.c.AdminControllerIntegrationTest     : Started AdminControllerIntegrationTest in 6.423 seconds (process running for 7.956)
✅ Administrador creado exitosamente
   Username: admin
   Password: 12345678
   ⚠️  IMPORTANTE: Cambia esta contraseña después del primer login
ℹ️ Admin user already exists in the system. Skipping creation.
2025-10-22 11:28:13.953  INFO 21020 --- [           main] com.gymrat.controller.AdminController    : User found with ID: 1
]]></system-out>
  </testcase>
  <testcase name="shouldUpdateUserRole" classname="com.gymrat.controller.AdminControllerIntegrationTest" time="0.039">
    <system-out><![CDATA[ℹ️ Admin user already exists in the system. Skipping creation.
2025-10-22 11:28:14.112  WARN 21020 --- [           main] com.gymrat.controller.AdminController    : ADMIN request: Changing role for user 1 to USER
2025-10-22 11:28:14.116  INFO 21020 --- [           main] com.gymrat.controller.AdminController    : Role successfully changed for user 1 to USER
]]></system-out>
  </testcase>
  <testcase name="shouldCreateUser" classname="com.gymrat.controller.AdminControllerIntegrationTest" time="0.088">
    <system-out><![CDATA[ℹ️ Admin user already exists in the system. Skipping creation.
2025-10-22 11:28:14.133  INFO 21020 --- [           main] com.gymrat.controller.AdminController    : ADMIN request: Creating new user: johndoe
2025-10-22 11:28:14.207  INFO 21020 --- [           main] com.gymrat.controller.AdminController    : Successfully created new user with ID: 2 and role: USER
]]></system-out>
  </testcase>
  <testcase name="shouldGetAllUsers" classname="com.gymrat.controller.AdminControllerIntegrationTest" time="0.017">
    <system-out><![CDATA[ℹ️ Admin user already exists in the system. Skipping creation.
2025-10-22 11:28:14.219  INFO 21020 --- [           main] com.gymrat.controller.AdminController    : ADMIN request: Fetching all users.
]]></system-out>
  </testcase>
  <testcase name="shouldDeleteUser" classname="com.gymrat.controller.AdminControllerIntegrationTest" time="0.287">
    <system-out><![CDATA[ℹ️ Admin user already exists in the system. Skipping creation.
2025-10-22 11:28:14.238  WARN 21020 --- [           main] com.gymrat.controller.AdminController    : ADMIN request: Attempting to delete user ID: 1
2025-10-22 11:28:14.514  INFO 21020 --- [           main] com.gymrat.controller.AdminController    : User 1 successfully deleted.
]]></system-out>
  </testcase>
</testsuite>