<?xml version="1.0" encoding="UTF-8"?>
<testsuite xmlns:xsi="http://www.w3.org/2001/XMLSchema-instance" xsi:noNamespaceSchemaLocation="https://maven.apache.org/surefire/maven-surefire-plugin/xsd/surefire-test-report-3.0.xsd" version="3.0" name="com.gymrat.controller.AuthControllerIntegrationTest" time="0.804" tests="4" errors="0" skipped="0" failures="0">
  <properties>
[...]
</properties>
  <testcase name="shouldLoginSuccessfully" classname="com.gymrat.controller.AuthControllerIntegrationTest" time="0.386">
    <system-out><![CDATA[2025-10-22 11:28:14.658  INFO 21020 --- [           main] com.gymrat.controller.AuthController     : Attempting login for user: johndoe
2025-10-22 11:28:14.919  INFO 21020 --- [           main] com.gymrat.controller.AuthController     : Login successful. JWT token generated for user ID: 3
]]></system-out>
  </testcase>
  <testcase name="shouldFailLoginWithWrongPassword" classname="com.gymrat.controller.AuthControllerIntegrationTest" time="0.159">
    <system-out><![CDATA[2025-10-22 11:28:15.001  INFO 21020 --- [           main] com.gymrat.controller.AuthController     : Attempting login for user: testuser
2025-10-22 11:28:15.077 ERROR 21020 --- [           main] com.gymrat.controller.AuthController     : Login failed for user: testuser. Reason: Bad credentials
]]></system-out>
  </testcase>
  <testcase name="shouldRegisterNewUser" classname="com.gymrat.controller.AuthControllerIntegrationTest" time="0.163">
    <system-out><![CDATA[2025-10-22 11:28:15.169  INFO 21020 --- [           main] com.gymrat.controller.AuthController     : Attempting registration for new user: newuser
2025-10-22 11:28:15.242  INFO 21020 --- [           main] com.gymrat.controller.AuthController     : Registration successful. New user ID: 6
]]></system-out>
  </testcase>
  <testcase name="shouldRejectDuplicateUsernameOnRegister" classname="com.gymrat.controller.AuthControllerIntegrationTest" time="0.082">
    <system-out><![CDATA[2025-10-22 11:28:15.324  INFO 21020 --- [           main] com.gymrat.controller.AuthController     : Attempting registration for new user: johndoe
2025-10-22 11:28:15.327  WARN 21020 --- [           main] com.gymrat.controller.AuthController     : Registration failed: Username already in use: johndoe
]]></system-out>
  </testcase>
</testsuite>